<?xml version="1.0" encoding="UTF-8"?>
<testng-results skipped="0" failed="0" total="1" passed="1">
  <reporter-output>
  </reporter-output>
  <suite name="Default suite" duration-ms="26" started-at="2017-03-29T22:20:34Z" finished-at="2017-03-29T22:20:34Z">
    <groups>
    </groups>
    <test name="Default test" duration-ms="26" started-at="2017-03-29T22:20:34Z" finished-at="2017-03-29T22:20:34Z">
      <class name="com.testngmavenproj.sample">
        <test-method status="PASS" signature="senaMail()[pri:0, instance:com.testngmavenproj.sample@2cb4c3ab]" name="senaMail" duration-ms="10" started-at="2017-03-29T23:20:34Z" finished-at="2017-03-29T23:20:34Z">
          <reporter-output>
          </reporter-output>
        </test-method> <!-- senaMail -->
      </class> <!-- com.testngmavenproj.sample -->
    </test> <!-- Default test -->
  </suite> <!-- Default suite -->
</testng-results>
